<?xml version="1.0" encoding="UTF-8"?>
<testng-results skipped="0" failed="0" ignored="0" total="1" passed="1">
  <reporter-output>
  </reporter-output>
  <suite name="Default suite" duration-ms="29599" started-at="2017-11-26T12:21:55Z" finished-at="2017-11-26T12:22:24Z">
    <groups>
    </groups>
    <test name="Default test" duration-ms="29599" started-at="2017-11-26T12:21:55Z" finished-at="2017-11-26T12:22:24Z">
      <class name="com.organisation.mqttclient.activemq.test.DemoTest">
        <test-method status="PASS" signature="setUp()[pri:0, instance:com.organisation.mqttclient.activemq.test.DemoTest@318ba8c8]" name="setUp" is-config="true" duration-ms="147" started-at="2017-11-26T17:51:55Z" finished-at="2017-11-26T17:51:55Z">
          <reporter-output>
          </reporter-output>
        </test-method> <!-- setUp -->
        <test-method status="PASS" signature="test()[pri:0, instance:com.organisation.mqttclient.activemq.test.DemoTest@318ba8c8]" name="test" duration-ms="29437" started-at="2017-11-26T17:51:55Z" finished-at="2017-11-26T17:52:24Z">
          <reporter-output>
          </reporter-output>
        </test-method> <!-- test -->
      </class> <!-- com.organisation.mqttclient.activemq.test.DemoTest -->
    </test> <!-- Default test -->
  </suite> <!-- Default suite -->
</testng-results>
